# JRE version: OpenJDK Runtime Environment (8.0_131-b11) (build 1.8.0_131-8u131-b11-2ubuntu1.16.04.3-b11)
# Java VM: OpenJDK 64-Bit Server VM (25.131-b11 mixed mode linux-amd64 compressed oops)
Heap:
 def new generation   total 17152K, used 1767K [0x00000000d0000000, 0x00000000d1290000, 0x00000000e0000000)
  eden space 15296K,  11% used [0x00000000d0000000, 0x00000000d01b9c18, 0x00000000d0ef0000)
  from space 1856K,   0% used [0x00000000d0ef0000, 0x00000000d0ef0000, 0x00000000d10c0000)
  to   space 1856K,   0% used [0x00000000d10c0000, 0x00000000d10c0000, 0x00000000d1290000)
 tenured generation   total 44260K, used 44260K [0x00000000e0000000, 0x00000000e2b39000, 0x0000000100000000)
   the space 44260K, 100% used [0x00000000e0000000, 0x00000000e2b39000, 0x00000000e2b39000, 0x00000000e2b39000)
 Metaspace       used 4211K, capacity 4820K, committed 4992K, reserved 1056768K
  class space    used 451K, capacity 544K, committed 640K, reserved 1048576K
GC Heap History (10 events):
Event: 226.870 GC heap after
Heap after GC invocations=3 (full 0):
 def new generation   total 4928K, used 512K [0x00000000d0000000, 0x00000000d0550000, 0x00000000e0000000)
  eden space 4416K,   0% used [0x00000000d0000000, 0x00000000d0000000, 0x00000000d0450000)
  from space 512K, 100% used [0x00000000d04d0000, 0x00000000d0550000, 0x00000000d0550000)
  to   space 512K,   0% used [0x00000000d0450000, 0x00000000d0450000, 0x00000000d04d0000)
 tenured generation   total 10944K, used 8735K [0x00000000e0000000, 0x00000000e0ab0000, 0x0000000100000000)
   the space 10944K,  79% used [0x00000000e0000000, 0x00000000e0887fa8, 0x00000000e0888000, 0x00000000e0ab0000)
 Metaspace       used 4209K, capacity 4820K, committed 4992K, reserved 1056768K
  class space    used 451K, capacity 544K, committed 640K, reserved 1048576K
}
Event: 226.916 GC heap before
{Heap before GC invocations=3 (full 0):
 def new generation   total 4928K, used 4928K [0x00000000d0000000, 0x00000000d0550000, 0x00000000e0000000)
  eden space 4416K, 100% used [0x00000000d0000000, 0x00000000d0450000, 0x00000000d0450000)
  from space 512K, 100% used [0x00000000d04d0000, 0x00000000d0550000, 0x00000000d0550000)
  to   space 512K,   0% used [0x00000000d0450000, 0x00000000d0450000, 0x00000000d04d0000)
 tenured generation   total 10944K, used 8735K [0x00000000e0000000, 0x00000000e0ab0000, 0x0000000100000000)
   the space 10944K,  79% used [0x00000000e0000000, 0x00000000e0887fa8, 0x00000000e0888000, 0x00000000e0ab0000)
 Metaspace       used 4210K, capacity 4820K, committed 4992K, reserved 1056768K
  class space    used 451K, capacity 544K, committed 640K, reserved 1048576K
Event: 226.965 GC heap after
Heap after GC invocations=4 (full 1):
 def new generation   total 9088K, used 423K [0x00000000d0000000, 0x00000000d09d0000, 0x00000000e0000000)
  eden space 8128K,   5% used [0x00000000d0000000, 0x00000000d0069f48, 0x00000000d07f0000)
  from space 960K,   0% used [0x00000000d07f0000, 0x00000000d07f0000, 0x00000000d08e0000)
  to   space 960K,   0% used [0x00000000d08e0000, 0x00000000d08e0000, 0x00000000d09d0000)
 tenured generation   total 20020K, used 12009K [0x00000000e0000000, 0x00000000e138d000, 0x0000000100000000)
   the space 20020K,  59% used [0x00000000e0000000, 0x00000000e0bba748, 0x00000000e0bba800, 0x00000000e138d000)
 Metaspace       used 4210K, capacity 4820K, committed 4992K, reserved 1056768K
  class space    used 451K, capacity 544K, committed 640K, reserved 1048576K
}
Event: 227.071 GC heap before
{Heap before GC invocations=4 (full 1):
 def new generation   total 9088K, used 8098K [0x00000000d0000000, 0x00000000d09d0000, 0x00000000e0000000)
  eden space 8128K,  99% used [0x00000000d0000000, 0x00000000d07e88b0, 0x00000000d07f0000)
  from space 960K,   0% used [0x00000000d07f0000, 0x00000000d07f0000, 0x00000000d08e0000)
  to   space 960K,   0% used [0x00000000d08e0000, 0x00000000d08e0000, 0x00000000d09d0000)
 tenured generation   total 20020K, used 12009K [0x00000000e0000000, 0x00000000e138d000, 0x0000000100000000)
   the space 20020K,  59% used [0x00000000e0000000, 0x00000000e0bba748, 0x00000000e0bba800, 0x00000000e138d000)
 Metaspace       used 4211K, capacity 4820K, committed 4992K, reserved 1056768K
  class space    used 451K, capacity 544K, committed 640K, reserved 1048576K
Event: 227.126 GC heap after
Heap after GC invocations=5 (full 1):
 def new generation   total 9088K, used 960K [0x00000000d0000000, 0x00000000d09d0000, 0x00000000e0000000)
  eden space 8128K,   0% used [0x00000000d0000000, 0x00000000d0000000, 0x00000000d07f0000)
  from space 960K, 100% used [0x00000000d08e0000, 0x00000000d09d0000, 0x00000000d09d0000)
  to   space 960K,   0% used [0x00000000d07f0000, 0x00000000d07f0000, 0x00000000d08e0000)
 tenured generation   total 20020K, used 16787K [0x00000000e0000000, 0x00000000e138d000, 0x0000000100000000)
   the space 20020K,  83% used [0x00000000e0000000, 0x00000000e1064d20, 0x00000000e1064e00, 0x00000000e138d000)
 Metaspace       used 4211K, capacity 4820K, committed 4992K, reserved 1056768K
  class space    used 451K, capacity 544K, committed 640K, reserved 1048576K
}
Event: 227.191 GC heap before
{Heap before GC invocations=5 (full 1):
 def new generation   total 9088K, used 9088K [0x00000000d0000000, 0x00000000d09d0000, 0x00000000e0000000)
  eden space 8128K, 100% used [0x00000000d0000000, 0x00000000d07f0000, 0x00000000d07f0000)
  from space 960K, 100% used [0x00000000d08e0000, 0x00000000d09d0000, 0x00000000d09d0000)
  to   space 960K,   0% used [0x00000000d07f0000, 0x00000000d07f0000, 0x00000000d08e0000)
 tenured generation   total 20020K, used 16787K [0x00000000e0000000, 0x00000000e138d000, 0x0000000100000000)
   the space 20020K,  83% used [0x00000000e0000000, 0x00000000e1064d20, 0x00000000e1064e00, 0x00000000e138d000)
 Metaspace       used 4211K, capacity 4820K, committed 4992K, reserved 1056768K
  class space    used 451K, capacity 544K, committed 640K, reserved 1048576K
Event: 227.284 GC heap after
Heap after GC invocations=6 (full 2):
 def new generation   total 17152K, used 959K [0x00000000d0000000, 0x00000000d1290000, 0x00000000e0000000)
  eden space 15296K,   6% used [0x00000000d0000000, 0x00000000d00efe80, 0x00000000d0ef0000)
  from space 1856K,   0% used [0x00000000d0ef0000, 0x00000000d0ef0000, 0x00000000d10c0000)
  to   space 1856K,   0% used [0x00000000d10c0000, 0x00000000d10c0000, 0x00000000d1290000)
 tenured generation   total 37924K, used 22754K [0x00000000e0000000, 0x00000000e2509000, 0x0000000100000000)
   the space 37924K,  59% used [0x00000000e0000000, 0x00000000e1638890, 0x00000000e1638a00, 0x00000000e2509000)
 Metaspace       used 4211K, capacity 4820K, committed 4992K, reserved 1056768K
  class space    used 451K, capacity 544K, committed 640K, reserved 1048576K
}
Event: 227.366 GC heap before
{Heap before GC invocations=6 (full 2):
 def new generation   total 17152K, used 15296K [0x00000000d0000000, 0x00000000d1290000, 0x00000000e0000000)
  eden space 15296K, 100% used [0x00000000d0000000, 0x00000000d0ef0000, 0x00000000d0ef0000)
  from space 1856K,   0% used [0x00000000d0ef0000, 0x00000000d0ef0000, 0x00000000d10c0000)
  to   space 1856K,   0% used [0x00000000d10c0000, 0x00000000d10c0000, 0x00000000d1290000)
 tenured generation   total 37924K, used 22754K [0x00000000e0000000, 0x00000000e2509000, 0x0000000100000000)
   the space 37924K,  59% used [0x00000000e0000000, 0x00000000e1638890, 0x00000000e1638a00, 0x00000000e2509000)
 Metaspace       used 4211K, capacity 4820K, committed 4992K, reserved 1056768K
  class space    used 451K, capacity 544K, committed 640K, reserved 1048576K
Event: 227.431 GC heap after
Heap after GC invocations=7 (full 2):
 def new generation   total 17152K, used 1856K [0x00000000d0000000, 0x00000000d1290000, 0x00000000e0000000)
  eden space 15296K,   0% used [0x00000000d0000000, 0x00000000d0000000, 0x00000000d0ef0000)
  from space 1856K, 100% used [0x00000000d10c0000, 0x00000000d1290000, 0x00000000d1290000)
  to   space 1856K,   0% used [0x00000000d0ef0000, 0x00000000d0ef0000, 0x00000000d10c0000)
 tenured generation   total 37924K, used 32361K [0x00000000e0000000, 0x00000000e2509000, 0x0000000100000000)
   the space 37924K,  85% used [0x00000000e0000000, 0x00000000e1f9a648, 0x00000000e1f9a800, 0x00000000e2509000)
 Metaspace       used 4211K, capacity 4820K, committed 4992K, reserved 1056768K
  class space    used 451K, capacity 544K, committed 640K, reserved 1048576K
}
Event: 227.481 GC heap before
{Heap before GC invocations=7 (full 2):
 def new generation   total 17152K, used 17152K [0x00000000d0000000, 0x00000000d1290000, 0x00000000e0000000)
  eden space 15296K, 100% used [0x00000000d0000000, 0x00000000d0ef0000, 0x00000000d0ef0000)
  from space 1856K, 100% used [0x00000000d10c0000, 0x00000000d1290000, 0x00000000d1290000)
  to   space 1856K,   0% used [0x00000000d0ef0000, 0x00000000d0ef0000, 0x00000000d10c0000)
 tenured generation   total 37924K, used 32361K [0x00000000e0000000, 0x00000000e2509000, 0x0000000100000000)
   the space 37924K,  85% used [0x00000000e0000000, 0x00000000e1f9a648, 0x00000000e1f9a800, 0x00000000e2509000)
 Metaspace       used 4211K, capacity 4820K, committed 4992K, reserved 1056768K
  class space    used 451K, capacity 544K, committed 640K, reserved 1048576K

